[stable-1.11 5193b8b3] 1
 2 files changed, 0 insertions(+), 0 deletions(-)
 create mode 100644 1
 create mode 100644 nohup.out
To github.com:custa/runtime.git
   71ba9f89..5193b8b3  stable-1.11 -> stable-1.11
[stable-1.11 25804577] 2
 2 files changed, 6 insertions(+)
 create mode 100644 2
To github.com:custa/runtime.git
   5193b8b3..25804577  stable-1.11 -> stable-1.11
[stable-1.11 f0fe501f] 3
 2 files changed, 5 insertions(+)
 create mode 100644 3
To github.com:custa/runtime.git
   25804577..f0fe501f  stable-1.11 -> stable-1.11
[stable-1.11 bf661357] 4
 2 files changed, 5 insertions(+)
 create mode 100644 4
To github.com:custa/runtime.git
   f0fe501f..bf661357  stable-1.11 -> stable-1.11
[stable-1.11 9e1b8196] 5
 2 files changed, 5 insertions(+)
 create mode 100644 5
To github.com:custa/runtime.git
   bf661357..9e1b8196  stable-1.11 -> stable-1.11
[stable-1.11 338949da] 6
 2 files changed, 5 insertions(+)
 create mode 100644 6
To github.com:custa/runtime.git
   9e1b8196..338949da  stable-1.11 -> stable-1.11
